2004.07.02 15:19 B C:\Documents and Settings\gbrady\Desktop\reynardine\html\samples\blackleg-miner-lo.mp3 --> homepage.eircom.net /public_html/samples blackleg-miner-lo.mp3
2004.07.02 15:19 B C:\Documents and Settings\gbrady\Desktop\reynardine\html\samples\blackleg-miner.mp3 --> homepage.eircom.net /public_html/samples blackleg-miner.mp3
2004.07.02 15:20 B C:\Documents and Settings\gbrady\Desktop\reynardine\html\samples\blacksmith-lo.mp3 --> homepage.eircom.net /public_html/samples blacksmith-lo.mp3
2004.07.02 15:21 B C:\Documents and Settings\gbrady\Desktop\reynardine\html\samples\blacksmith.mp3 --> homepage.eircom.net /public_html/samples blacksmith.mp3
2004.07.02 15:21 B C:\Documents and Settings\gbrady\Desktop\reynardine\html\samples\branleigh-hoboken-lo.mp3 --> homepage.eircom.net /public_html/samples branleigh-hoboken-lo.mp3
2004.07.02 15:23 B C:\Documents and Settings\gbrady\Desktop\reynardine\html\samples\branleigh-hoboken.mp3 --> homepage.eircom.net /public_html/samples branleigh-hoboken.mp3
2004.07.02 15:23 B C:\Documents and Settings\gbrady\Desktop\reynardine\html\samples\bruton-town-lo.mp3 --> homepage.eircom.net /public_html/samples bruton-town-lo.mp3
2004.07.02 15:25 B C:\Documents and Settings\gbrady\Desktop\reynardine\html\samples\bruton-town.mp3 --> homepage.eircom.net /public_html/samples bruton-town.mp3
2004.07.02 15:25 B C:\Documents and Settings\gbrady\Desktop\reynardine\html\samples\bushes-and-briars-lo.mp3 --> homepage.eircom.net /public_html/samples bushes-and-briars-lo.mp3
2004.07.02 15:26 B C:\Documents and Settings\gbrady\Desktop\reynardine\html\samples\bushes-and-briars.mp3 --> homepage.eircom.net /public_html/samples bushes-and-briars.mp3
2004.07.02 15:27 B C:\Documents and Settings\gbrady\Desktop\reynardine\html\samples\danca-trotto-lo.mp3 --> homepage.eircom.net /public_html/samples danca-trotto-lo.mp3
2004.07.02 15:28 B C:\Documents and Settings\gbrady\Desktop\reynardine\html\samples\danca-trotto.mp3 --> homepage.eircom.net /public_html/samples danca-trotto.mp3
2004.07.02 15:29 B C:\Documents and Settings\gbrady\Desktop\reynardine\html\samples\early-morning-rain-lo.mp3 --> homepage.eircom.net /public_html/samples early-morning-rain-lo.mp3
2004.07.02 15:31 B C:\Documents and Settings\gbrady\Desktop\reynardine\html\samples\early-morning-rain.mp3 --> homepage.eircom.net /public_html/samples early-morning-rain.mp3
2004.07.02 15:32 B C:\Documents and Settings\gbrady\Desktop\reynardine\html\samples\eppie-morrie-lo.mp3 --> homepage.eircom.net /public_html/samples eppie-morrie-lo.mp3
2004.07.04 10:59 B C:\Documents and Settings\gbrady\Desktop\reynardine\html\samples\juniper-tree-lo.mp3 --> homepage.eircom.net /public_html/samples juniper-tree-lo.mp3
2004.07.04 11:01 B C:\Documents and Settings\gbrady\Desktop\reynardine\html\samples\juniper-tree.mp3 --> homepage.eircom.net /public_html/samples juniper-tree.mp3
2004.07.04 11:01 B C:\Documents and Settings\gbrady\Desktop\reynardine\html\samples\lass-from-the-low-country-lo.mp3 --> homepage.eircom.net /public_html/samples lass-from-the-low-country-lo.mp3
2004.07.04 11:03 B C:\Documents and Settings\gbrady\Desktop\reynardine\html\samples\lass-from-the-low-country.mp3 --> homepage.eircom.net /public_html/samples lass-from-the-low-country.mp3
2004.07.04 11:03 B C:\Documents and Settings\gbrady\Desktop\reynardine\html\samples\leave-this-company-lo.mp3 --> homepage.eircom.net /public_html/samples leave-this-company-lo.mp3
2004.07.04 11:05 B C:\Documents and Settings\gbrady\Desktop\reynardine\html\samples\leave-this-company.mp3 --> homepage.eircom.net /public_html/samples leave-this-company.mp3
2004.07.04 11:06 B C:\Documents and Settings\gbrady\Desktop\reynardine\html\samples\maids-of-valparaiso-lo.mp3 --> homepage.eircom.net /public_html/samples maids-of-valparaiso-lo.mp3
2004.07.04 11:07 B C:\Documents and Settings\gbrady\Desktop\reynardine\html\samples\maids-of-valparaiso.mp3 --> homepage.eircom.net /public_html/samples maids-of-valparaiso.mp3
2004.07.04 11:07 B C:\Documents and Settings\gbrady\Desktop\reynardine\html\samples\moorlough-shore-lo.mp3 --> homepage.eircom.net /public_html/samples moorlough-shore-lo.mp3
2004.07.04 11:09 B C:\Documents and Settings\gbrady\Desktop\reynardine\html\samples\moorlough-shore.mp3 --> homepage.eircom.net /public_html/samples moorlough-shore.mp3
2004.07.04 11:09 B C:\Documents and Settings\gbrady\Desktop\reynardine\html\samples\northern-sky-lo.mp3 --> homepage.eircom.net /public_html/samples northern-sky-lo.mp3
2004.07.04 11:11 B C:\Documents and Settings\gbrady\Desktop\reynardine\html\samples\northern-sky.mp3 --> homepage.eircom.net /public_html/samples northern-sky.mp3
2004.07.04 11:11 B C:\Documents and Settings\gbrady\Desktop\reynardine\html\samples\reynardine-lo.mp3 --> homepage.eircom.net /public_html/samples reynardine-lo.mp3
2004.07.04 11:13 B C:\Documents and Settings\gbrady\Desktop\reynardine\html\samples\reynardine.mp3 --> homepage.eircom.net /public_html/samples reynardine.mp3
2004.07.04 11:13 B C:\Documents and Settings\gbrady\Desktop\reynardine\html\samples\rosemary-lane-lo.mp3 --> homepage.eircom.net /public_html/samples rosemary-lane-lo.mp3
2004.07.04 11:14 B C:\Documents and Settings\gbrady\Desktop\reynardine\html\samples\rosemary-lane.mp3 --> homepage.eircom.net /public_html/samples rosemary-lane.mp3
2004.07.04 11:15 B C:\Documents and Settings\gbrady\Desktop\reynardine\html\samples\roving-sea-captain-lo.mp3 --> homepage.eircom.net /public_html/samples roving-sea-captain-lo.mp3
2004.07.04 11:16 B C:\Documents and Settings\gbrady\Desktop\reynardine\html\samples\roving-sea-captain.mp3 --> homepage.eircom.net /public_html/samples roving-sea-captain.mp3
2004.07.04 11:16 B C:\Documents and Settings\gbrady\Desktop\reynardine\html\samples\st-campfire-tassie-lo.mp3 --> homepage.eircom.net /public_html/samples st-campfire-tassie-lo.mp3
2004.07.04 11:18 B C:\Documents and Settings\gbrady\Desktop\reynardine\html\samples\st-campfire-tassie.mp3 --> homepage.eircom.net /public_html/samples st-campfire-tassie.mp3
2004.07.04 11:18 B C:\Documents and Settings\gbrady\Desktop\reynardine\html\samples\st-croucher-lo.mp3 --> homepage.eircom.net /public_html/samples st-croucher-lo.mp3
2004.07.04 11:19 B C:\Documents and Settings\gbrady\Desktop\reynardine\html\samples\st-croucher.mp3 --> homepage.eircom.net /public_html/samples st-croucher.mp3
2004.07.04 11:19 B C:\Documents and Settings\gbrady\Desktop\reynardine\html\samples\st-introduction-lo.mp3 --> homepage.eircom.net /public_html/samples st-introduction-lo.mp3
2004.07.04 11:20 B C:\Documents and Settings\gbrady\Desktop\reynardine\html\samples\st-introduction.mp3 --> homepage.eircom.net /public_html/samples st-introduction.mp3
2004.07.04 11:20 B C:\Documents and Settings\gbrady\Desktop\reynardine\html\samples\st-never-go-bald-lo.mp3 --> homepage.eircom.net /public_html/samples st-never-go-bald-lo.mp3
2004.07.04 11:21 B C:\Documents and Settings\gbrady\Desktop\reynardine\html\samples\st-never-go-bald.mp3 --> homepage.eircom.net /public_html/samples st-never-go-bald.mp3
2004.07.04 11:22 B C:\Documents and Settings\gbrady\Desktop\reynardine\html\samples\st-the-end-lo.mp3 --> homepage.eircom.net /public_html/samples st-the-end-lo.mp3
2004.07.04 11:23 B C:\Documents and Settings\gbrady\Desktop\reynardine\html\samples\st-the-end.mp3 --> homepage.eircom.net /public_html/samples st-the-end.mp3
2004.07.04 11:23 B C:\Documents and Settings\gbrady\Desktop\reynardine\html\samples\st-to-the-guns-lo.mp3 --> homepage.eircom.net /public_html/samples st-to-the-guns-lo.mp3
2004.07.04 11:25 B C:\Documents and Settings\gbrady\Desktop\reynardine\html\samples\st-to-the-guns.mp3 --> homepage.eircom.net /public_html/samples st-to-the-guns.mp3
2004.07.04 11:25 B C:\Documents and Settings\gbrady\Desktop\reynardine\html\samples\western-plain-16.mp3 --> homepage.eircom.net /public_html/samples western-plain-16.mp3
2004.07.04 11:25 B C:\Documents and Settings\gbrady\Desktop\reynardine\html\samples\western-plain-16mono.mp3 --> homepage.eircom.net /public_html/samples western-plain-16mono.mp3
2004.07.04 11:25 B C:\Documents and Settings\gbrady\Desktop\reynardine\html\samples\western-plain-20.mp3 --> homepage.eircom.net /public_html/samples western-plain-20.mp3
2004.07.04 11:26 B C:\Documents and Settings\gbrady\Desktop\reynardine\html\samples\western-plain-24.mp3 --> homepage.eircom.net /public_html/samples western-plain-24.mp3
2004.07.04 11:26 B C:\Documents and Settings\gbrady\Desktop\reynardine\html\samples\western-plain-lo.mp3 --> homepage.eircom.net /public_html/samples western-plain-lo.mp3
2004.07.04 11:27 B C:\Documents and Settings\gbrady\Desktop\reynardine\html\samples\western-plain.mp3 --> homepage.eircom.net /public_html/samples western-plain.mp3
2004.07.04 11:28 B C:\Documents and Settings\gbrady\Desktop\reynardine\html\samples\when-the-roll-lo.mp3 --> homepage.eircom.net /public_html/samples when-the-roll-lo.mp3
2004.07.04 11:29 B C:\Documents and Settings\gbrady\Desktop\reynardine\html\samples\when-the-roll.mp3 --> homepage.eircom.net /public_html/samples when-the-roll.mp3
2004.07.04 11:30 B C:\Documents and Settings\gbrady\Desktop\reynardine\html\samples\wind-and-rain-lo.mp3 --> homepage.eircom.net /public_html/samples wind-and-rain-lo.mp3
2004.07.04 11:31 B C:\Documents and Settings\gbrady\Desktop\reynardine\html\samples\wind-and-rain.mp3 --> homepage.eircom.net /public_html/samples wind-and-rain.mp3
2004.07.04 11:31 B C:\Documents and Settings\gbrady\Desktop\reynardine\html\samples\WS_FTP.LOG --> homepage.eircom.net /public_html/samples WS_FTP.LOG
