2004.06.21 15:53 B D:\websites\donagh.com\html\reynardine\html\assets\4track2.jpg --> www.donagh.com /web/reynardine/html/assets 4track2.jpg
2004.06.21 15:53 B D:\websites\donagh.com\html\reynardine\html\assets\aideen.jpg --> www.donagh.com /web/reynardine/html/assets aideen.jpg
2004.06.21 15:53 B D:\websites\donagh.com\html\reynardine\html\assets\archive01.jpg --> www.donagh.com /web/reynardine/html/assets archive01.jpg
2004.06.21 15:53 B D:\websites\donagh.com\html\reynardine\html\assets\archive01T.jpg --> www.donagh.com /web/reynardine/html/assets archive01T.jpg
2004.06.21 15:54 B D:\websites\donagh.com\html\reynardine\html\assets\archive02.jpg --> www.donagh.com /web/reynardine/html/assets archive02.jpg
2004.06.21 15:55 B D:\websites\donagh.com\html\reynardine\html\assets\archive02.jpg --> www.donagh.com /web/reynardine/html/assets archive02.jpg
2004.06.21 15:55 B D:\websites\donagh.com\html\reynardine\html\assets\archive02T.jpg --> www.donagh.com /web/reynardine/html/assets archive02T.jpg
2004.06.21 15:55 B D:\websites\donagh.com\html\reynardine\html\assets\archive03.jpg --> www.donagh.com /web/reynardine/html/assets archive03.jpg
2004.06.21 15:55 B D:\websites\donagh.com\html\reynardine\html\assets\archive03T.jpg --> www.donagh.com /web/reynardine/html/assets archive03T.jpg
2004.06.21 15:55 B D:\websites\donagh.com\html\reynardine\html\assets\archive04.jpg --> www.donagh.com /web/reynardine/html/assets archive04.jpg
2004.06.21 15:56 B D:\websites\donagh.com\html\reynardine\html\assets\archive04T.jpg --> www.donagh.com /web/reynardine/html/assets archive04T.jpg
2004.06.21 15:56 B D:\websites\donagh.com\html\reynardine\html\assets\archive05.jpg --> www.donagh.com /web/reynardine/html/assets archive05.jpg
2004.06.21 15:56 B D:\websites\donagh.com\html\reynardine\html\assets\archive05T.jpg --> www.donagh.com /web/reynardine/html/assets archive05T.jpg
2004.06.21 15:56 B D:\websites\donagh.com\html\reynardine\html\assets\archive06.jpg --> www.donagh.com /web/reynardine/html/assets archive06.jpg
2004.06.21 15:56 B D:\websites\donagh.com\html\reynardine\html\assets\archive06T.jpg --> www.donagh.com /web/reynardine/html/assets archive06T.jpg
2004.06.21 15:56 B D:\websites\donagh.com\html\reynardine\html\assets\archive07.jpg --> www.donagh.com /web/reynardine/html/assets archive07.jpg
2004.06.21 15:56 B D:\websites\donagh.com\html\reynardine\html\assets\archive07T.jpg --> www.donagh.com /web/reynardine/html/assets archive07T.jpg
2004.06.21 15:56 B D:\websites\donagh.com\html\reynardine\html\assets\archive08.jpg --> www.donagh.com /web/reynardine/html/assets archive08.jpg
2004.06.21 15:56 B D:\websites\donagh.com\html\reynardine\html\assets\archive08T.jpg --> www.donagh.com /web/reynardine/html/assets archive08T.jpg
2004.06.21 15:56 B D:\websites\donagh.com\html\reynardine\html\assets\archive09.jpg --> www.donagh.com /web/reynardine/html/assets archive09.jpg
2004.06.21 15:56 B D:\websites\donagh.com\html\reynardine\html\assets\archive09T.jpg --> www.donagh.com /web/reynardine/html/assets archive09T.jpg
2004.06.21 15:57 B D:\websites\donagh.com\html\reynardine\html\assets\archive10.jpg --> www.donagh.com /web/reynardine/html/assets archive10.jpg
2004.06.21 15:57 B D:\websites\donagh.com\html\reynardine\html\assets\archive10T.jpg --> www.donagh.com /web/reynardine/html/assets archive10T.jpg
2004.06.21 15:57 B D:\websites\donagh.com\html\reynardine\html\assets\archive11.jpg --> www.donagh.com /web/reynardine/html/assets archive11.jpg
2004.06.21 15:57 B D:\websites\donagh.com\html\reynardine\html\assets\archive11T.jpg --> www.donagh.com /web/reynardine/html/assets archive11T.jpg
2004.06.21 15:57 B D:\websites\donagh.com\html\reynardine\html\assets\archive12.jpg --> www.donagh.com /web/reynardine/html/assets archive12.jpg
2004.06.21 15:57 B D:\websites\donagh.com\html\reynardine\html\assets\archive12T.jpg --> www.donagh.com /web/reynardine/html/assets archive12T.jpg
2004.06.21 15:57 B D:\websites\donagh.com\html\reynardine\html\assets\archive13.jpg --> www.donagh.com /web/reynardine/html/assets archive13.jpg
2004.06.21 15:57 B D:\websites\donagh.com\html\reynardine\html\assets\archive13T.jpg --> www.donagh.com /web/reynardine/html/assets archive13T.jpg
2004.06.21 15:57 B D:\websites\donagh.com\html\reynardine\html\assets\archive14.jpg --> www.donagh.com /web/reynardine/html/assets archive14.jpg
2004.06.21 15:57 B D:\websites\donagh.com\html\reynardine\html\assets\archive14T.jpg --> www.donagh.com /web/reynardine/html/assets archive14T.jpg
2004.06.21 15:57 B D:\websites\donagh.com\html\reynardine\html\assets\archive15.jpg --> www.donagh.com /web/reynardine/html/assets archive15.jpg
2004.06.21 15:57 B D:\websites\donagh.com\html\reynardine\html\assets\archive15T.jpg --> www.donagh.com /web/reynardine/html/assets archive15T.jpg
2004.06.21 15:57 B D:\websites\donagh.com\html\reynardine\html\assets\archive16.jpg --> www.donagh.com /web/reynardine/html/assets archive16.jpg
2004.06.21 15:57 B D:\websites\donagh.com\html\reynardine\html\assets\archive16T.jpg --> www.donagh.com /web/reynardine/html/assets archive16T.jpg
2004.06.21 15:58 B D:\websites\donagh.com\html\reynardine\html\assets\archive17.jpg --> www.donagh.com /web/reynardine/html/assets archive17.jpg
2004.06.21 15:58 B D:\websites\donagh.com\html\reynardine\html\assets\archive17T.jpg --> www.donagh.com /web/reynardine/html/assets archive17T.jpg
2004.06.21 15:58 B D:\websites\donagh.com\html\reynardine\html\assets\archive18.jpg --> www.donagh.com /web/reynardine/html/assets archive18.jpg
2004.06.21 15:58 B D:\websites\donagh.com\html\reynardine\html\assets\archive18T.jpg --> www.donagh.com /web/reynardine/html/assets archive18T.jpg
2004.06.21 15:58 B D:\websites\donagh.com\html\reynardine\html\assets\archive19.jpg --> www.donagh.com /web/reynardine/html/assets archive19.jpg
2004.06.21 15:58 B D:\websites\donagh.com\html\reynardine\html\assets\archive19T.jpg --> www.donagh.com /web/reynardine/html/assets archive19T.jpg
2004.06.21 15:58 B D:\websites\donagh.com\html\reynardine\html\assets\archive20.jpg --> www.donagh.com /web/reynardine/html/assets archive20.jpg
2004.06.21 15:58 B D:\websites\donagh.com\html\reynardine\html\assets\archive20T.jpg --> www.donagh.com /web/reynardine/html/assets archive20T.jpg
2004.06.21 15:58 B D:\websites\donagh.com\html\reynardine\html\assets\bg-light-bluegrey-table.gif --> www.donagh.com /web/reynardine/html/assets bg-light-bluegrey-table.gif
2004.06.21 15:58 B D:\websites\donagh.com\html\reynardine\html\assets\bg1.jpg --> www.donagh.com /web/reynardine/html/assets bg1.jpg
2004.06.21 15:59 B D:\websites\donagh.com\html\reynardine\html\assets\bg2.jpg --> www.donagh.com /web/reynardine/html/assets bg2.jpg
2004.06.21 15:59 B D:\websites\donagh.com\html\reynardine\html\assets\contactus.jpg --> www.donagh.com /web/reynardine/html/assets contactus.jpg
2004.06.21 15:59 B D:\websites\donagh.com\html\reynardine\html\assets\cover.jpg --> www.donagh.com /web/reynardine/html/assets cover.jpg
2004.06.21 15:59 B D:\websites\donagh.com\html\reynardine\html\assets\cover2.jpg --> www.donagh.com /web/reynardine/html/assets cover2.jpg
2004.06.21 15:59 B D:\websites\donagh.com\html\reynardine\html\assets\gigging.jpg --> www.donagh.com /web/reynardine/html/assets gigging.jpg
2004.06.21 15:59 B D:\websites\donagh.com\html\reynardine\html\assets\giging.jpg --> www.donagh.com /web/reynardine/html/assets giging.jpg
2004.06.21 15:59 B D:\websites\donagh.com\html\reynardine\html\assets\home.jpg --> www.donagh.com /web/reynardine/html/assets home.jpg
2004.06.21 16:00 B D:\websites\donagh.com\html\reynardine\html\assets\intro.jpg --> www.donagh.com /web/reynardine/html/assets intro.jpg
2004.06.21 16:03 B D:\websites\donagh.com\html\reynardine\html\assets\intro.jpg --> www.donagh.com /web/reynardine/html/assets intro.jpg
2004.06.21 16:03 B D:\websites\donagh.com\html\reynardine\html\assets\kevin.jpg --> www.donagh.com /web/reynardine/html/assets kevin.jpg
2004.06.21 16:03 B D:\websites\donagh.com\html\reynardine\html\assets\logo.gif --> www.donagh.com /web/reynardine/html/assets logo.gif
2004.06.21 16:03 B D:\websites\donagh.com\html\reynardine\html\assets\mal.jpg --> www.donagh.com /web/reynardine/html/assets mal.jpg
2004.06.21 16:03 B D:\websites\donagh.com\html\reynardine\html\assets\redep.jpg --> www.donagh.com /web/reynardine/html/assets redep.jpg
2004.06.21 16:03 B D:\websites\donagh.com\html\reynardine\html\assets\reyhotel.jpg --> www.donagh.com /web/reynardine/html/assets reyhotel.jpg
2004.06.21 16:03 B D:\websites\donagh.com\html\reynardine\html\assets\reymini.swf --> www.donagh.com /web/reynardine/html/assets reymini.swf
2004.06.21 16:03 B D:\websites\donagh.com\html\reynardine\html\assets\REYNARD_TITLE.gif --> www.donagh.com /web/reynardine/html/assets REYNARD_TITLE.gif
2004.06.21 16:04 B D:\websites\donagh.com\html\reynardine\html\assets\scroll_down.jpg --> www.donagh.com /web/reynardine/html/assets scroll_down.jpg
2004.06.21 16:04 B D:\websites\donagh.com\html\reynardine\html\assets\spacer_20.gif --> www.donagh.com /web/reynardine/html/assets spacer_20.gif
2004.06.21 16:04 B D:\websites\donagh.com\html\reynardine\html\assets\spacer_300.gif --> www.donagh.com /web/reynardine/html/assets spacer_300.gif
2004.06.21 16:04 B D:\websites\donagh.com\html\reynardine\html\assets\spacer_300h.gif --> www.donagh.com /web/reynardine/html/assets spacer_300h.gif
2004.06.21 16:04 B D:\websites\donagh.com\html\reynardine\html\assets\spacer_338.gif --> www.donagh.com /web/reynardine/html/assets spacer_338.gif
2004.06.21 16:04 B D:\websites\donagh.com\html\reynardine\html\assets\spacer_348.gif --> www.donagh.com /web/reynardine/html/assets spacer_348.gif
2004.06.21 16:04 B D:\websites\donagh.com\html\reynardine\html\assets\spacer_48.gif --> www.donagh.com /web/reynardine/html/assets spacer_48.gif
2004.06.21 16:04 B D:\websites\donagh.com\html\reynardine\html\assets\spacer_638.gif --> www.donagh.com /web/reynardine/html/assets spacer_638.gif
2004.06.21 16:04 B D:\websites\donagh.com\html\reynardine\html\assets\tarchive.html --> www.donagh.com /web/reynardine/html/assets tarchive.html
2004.07.02 14:41 B C:\Documents and Settings\gbrady\Desktop\reynardine\html\assets\4track2.jpg --> homepage.eircom.net /public_html/assets 4track2.jpg
2004.07.02 14:41 B C:\Documents and Settings\gbrady\Desktop\reynardine\html\assets\aideen.jpg --> homepage.eircom.net /public_html/assets aideen.jpg
2004.07.02 14:41 B C:\Documents and Settings\gbrady\Desktop\reynardine\html\assets\archive01.jpg --> homepage.eircom.net /public_html/assets archive01.jpg
2004.07.02 14:41 B C:\Documents and Settings\gbrady\Desktop\reynardine\html\assets\archive01T.jpg --> homepage.eircom.net /public_html/assets archive01T.jpg
2004.07.02 14:42 B C:\Documents and Settings\gbrady\Desktop\reynardine\html\assets\archive02.jpg --> homepage.eircom.net /public_html/assets archive02.jpg
2004.07.02 14:42 B C:\Documents and Settings\gbrady\Desktop\reynardine\html\assets\archive02T.jpg --> homepage.eircom.net /public_html/assets archive02T.jpg
2004.07.02 14:42 B C:\Documents and Settings\gbrady\Desktop\reynardine\html\assets\archive03.jpg --> homepage.eircom.net /public_html/assets archive03.jpg
2004.07.02 14:42 B C:\Documents and Settings\gbrady\Desktop\reynardine\html\assets\archive03T.jpg --> homepage.eircom.net /public_html/assets archive03T.jpg
2004.07.02 14:42 B C:\Documents and Settings\gbrady\Desktop\reynardine\html\assets\archive04.jpg --> homepage.eircom.net /public_html/assets archive04.jpg
2004.07.02 14:42 B C:\Documents and Settings\gbrady\Desktop\reynardine\html\assets\archive04T.jpg --> homepage.eircom.net /public_html/assets archive04T.jpg
2004.07.02 14:42 B C:\Documents and Settings\gbrady\Desktop\reynardine\html\assets\archive05.jpg --> homepage.eircom.net /public_html/assets archive05.jpg
2004.07.02 14:42 B C:\Documents and Settings\gbrady\Desktop\reynardine\html\assets\archive05T.jpg --> homepage.eircom.net /public_html/assets archive05T.jpg
2004.07.02 14:42 B C:\Documents and Settings\gbrady\Desktop\reynardine\html\assets\archive06.jpg --> homepage.eircom.net /public_html/assets archive06.jpg
2004.07.02 14:42 B C:\Documents and Settings\gbrady\Desktop\reynardine\html\assets\archive06T.jpg --> homepage.eircom.net /public_html/assets archive06T.jpg
2004.07.02 14:43 B C:\Documents and Settings\gbrady\Desktop\reynardine\html\assets\archive07.jpg --> homepage.eircom.net /public_html/assets archive07.jpg
2004.07.02 14:43 B C:\Documents and Settings\gbrady\Desktop\reynardine\html\assets\archive07T.jpg --> homepage.eircom.net /public_html/assets archive07T.jpg
2004.07.02 14:43 B C:\Documents and Settings\gbrady\Desktop\reynardine\html\assets\archive08.jpg --> homepage.eircom.net /public_html/assets archive08.jpg
2004.07.02 14:43 B C:\Documents and Settings\gbrady\Desktop\reynardine\html\assets\archive08T.jpg --> homepage.eircom.net /public_html/assets archive08T.jpg
2004.07.02 14:43 B C:\Documents and Settings\gbrady\Desktop\reynardine\html\assets\archive09.jpg --> homepage.eircom.net /public_html/assets archive09.jpg
2004.07.02 14:43 B C:\Documents and Settings\gbrady\Desktop\reynardine\html\assets\archive09T.jpg --> homepage.eircom.net /public_html/assets archive09T.jpg
2004.07.02 14:43 B C:\Documents and Settings\gbrady\Desktop\reynardine\html\assets\archive10.jpg --> homepage.eircom.net /public_html/assets archive10.jpg
2004.07.02 14:43 B C:\Documents and Settings\gbrady\Desktop\reynardine\html\assets\archive10T.jpg --> homepage.eircom.net /public_html/assets archive10T.jpg
2004.07.02 14:44 B C:\Documents and Settings\gbrady\Desktop\reynardine\html\assets\archive11.jpg --> homepage.eircom.net /public_html/assets archive11.jpg
2004.07.02 14:44 B C:\Documents and Settings\gbrady\Desktop\reynardine\html\assets\archive11T.jpg --> homepage.eircom.net /public_html/assets archive11T.jpg
2004.07.02 14:44 B C:\Documents and Settings\gbrady\Desktop\reynardine\html\assets\archive12.jpg --> homepage.eircom.net /public_html/assets archive12.jpg
2004.07.02 14:44 B C:\Documents and Settings\gbrady\Desktop\reynardine\html\assets\archive12T.jpg --> homepage.eircom.net /public_html/assets archive12T.jpg
2004.07.02 14:44 B C:\Documents and Settings\gbrady\Desktop\reynardine\html\assets\archive13.jpg --> homepage.eircom.net /public_html/assets archive13.jpg
2004.07.02 14:44 B C:\Documents and Settings\gbrady\Desktop\reynardine\html\assets\archive13T.jpg --> homepage.eircom.net /public_html/assets archive13T.jpg
2004.07.02 14:44 B C:\Documents and Settings\gbrady\Desktop\reynardine\html\assets\archive14.jpg --> homepage.eircom.net /public_html/assets archive14.jpg
2004.07.02 14:44 B C:\Documents and Settings\gbrady\Desktop\reynardine\html\assets\archive14T.jpg --> homepage.eircom.net /public_html/assets archive14T.jpg
2004.07.02 14:44 B C:\Documents and Settings\gbrady\Desktop\reynardine\html\assets\archive15.jpg --> homepage.eircom.net /public_html/assets archive15.jpg
2004.07.02 14:44 B C:\Documents and Settings\gbrady\Desktop\reynardine\html\assets\archive15T.jpg --> homepage.eircom.net /public_html/assets archive15T.jpg
2004.07.02 14:45 B C:\Documents and Settings\gbrady\Desktop\reynardine\html\assets\archive16.jpg --> homepage.eircom.net /public_html/assets archive16.jpg
2004.07.02 14:45 B C:\Documents and Settings\gbrady\Desktop\reynardine\html\assets\archive16T.jpg --> homepage.eircom.net /public_html/assets archive16T.jpg
2004.07.02 14:45 B C:\Documents and Settings\gbrady\Desktop\reynardine\html\assets\archive17.jpg --> homepage.eircom.net /public_html/assets archive17.jpg
2004.07.02 14:45 B C:\Documents and Settings\gbrady\Desktop\reynardine\html\assets\archive17T.jpg --> homepage.eircom.net /public_html/assets archive17T.jpg
2004.07.02 14:45 B C:\Documents and Settings\gbrady\Desktop\reynardine\html\assets\archive18.jpg --> homepage.eircom.net /public_html/assets archive18.jpg
2004.07.02 14:45 B C:\Documents and Settings\gbrady\Desktop\reynardine\html\assets\archive18T.jpg --> homepage.eircom.net /public_html/assets archive18T.jpg
2004.07.02 14:46 B C:\Documents and Settings\gbrady\Desktop\reynardine\html\assets\archive19.jpg --> homepage.eircom.net /public_html/assets archive19.jpg
2004.07.02 14:46 B C:\Documents and Settings\gbrady\Desktop\reynardine\html\assets\archive19T.jpg --> homepage.eircom.net /public_html/assets archive19T.jpg
2004.07.02 14:46 B C:\Documents and Settings\gbrady\Desktop\reynardine\html\assets\archive20.jpg --> homepage.eircom.net /public_html/assets archive20.jpg
2004.07.02 14:46 B C:\Documents and Settings\gbrady\Desktop\reynardine\html\assets\archive20T.jpg --> homepage.eircom.net /public_html/assets archive20T.jpg
2004.07.02 14:46 B C:\Documents and Settings\gbrady\Desktop\reynardine\html\assets\bg-light-bluegrey-table.gif --> homepage.eircom.net /public_html/assets bg-light-bluegrey-table.gif
2004.07.02 14:46 B C:\Documents and Settings\gbrady\Desktop\reynardine\html\assets\bg1.jpg --> homepage.eircom.net /public_html/assets bg1.jpg
2004.07.02 14:46 B C:\Documents and Settings\gbrady\Desktop\reynardine\html\assets\bg2.jpg --> homepage.eircom.net /public_html/assets bg2.jpg
2004.07.02 14:46 B C:\Documents and Settings\gbrady\Desktop\reynardine\html\assets\contactus.jpg --> homepage.eircom.net /public_html/assets contactus.jpg
2004.07.02 14:48 B C:\Documents and Settings\gbrady\Desktop\reynardine\html\assets\cover.jpg --> homepage.eircom.net /public_html/assets cover.jpg
2004.07.02 14:49 B C:\Documents and Settings\gbrady\Desktop\reynardine\html\assets\cover2.jpg --> homepage.eircom.net /public_html/assets cover2.jpg
2004.07.02 14:49 B C:\Documents and Settings\gbrady\Desktop\reynardine\html\assets\gigging.jpg --> homepage.eircom.net /public_html/assets gigging.jpg
2004.07.02 14:50 B C:\Documents and Settings\gbrady\Desktop\reynardine\html\assets\giging.jpg --> homepage.eircom.net /public_html/assets giging.jpg
2004.07.02 14:50 B C:\Documents and Settings\gbrady\Desktop\reynardine\html\assets\home.jpg --> homepage.eircom.net /public_html/assets home.jpg
2004.07.02 14:51 B C:\Documents and Settings\gbrady\Desktop\reynardine\html\assets\intro.jpg --> homepage.eircom.net /public_html/assets intro.jpg
2004.07.02 14:53 B C:\Documents and Settings\gbrady\Desktop\reynardine\html\assets\cover2.jpg --> homepage.eircom.net /public_html/assets cover2.jpg
2004.07.02 14:53 B C:\Documents and Settings\gbrady\Desktop\reynardine\html\assets\gigging.jpg --> homepage.eircom.net /public_html/assets gigging.jpg
2004.07.02 14:53 B C:\Documents and Settings\gbrady\Desktop\reynardine\html\assets\giging.jpg --> homepage.eircom.net /public_html/assets giging.jpg
2004.07.02 14:54 B C:\Documents and Settings\gbrady\Desktop\reynardine\html\assets\home.jpg --> homepage.eircom.net /public_html/assets home.jpg
2004.07.02 14:55 B C:\Documents and Settings\gbrady\Desktop\reynardine\html\assets\intro.jpg --> homepage.eircom.net /public_html/assets intro.jpg
2004.07.02 14:59 B C:\Documents and Settings\gbrady\Desktop\reynardine\html\assets\kevin.jpg --> homepage.eircom.net /public_html/assets kevin.jpg
2004.07.02 15:04 B C:\Documents and Settings\gbrady\Desktop\reynardine\html\assets\logo.gif --> homepage.eircom.net /public_html/assets logo.gif
2004.07.02 15:05 B C:\Documents and Settings\gbrady\Desktop\reynardine\html\assets\mal.jpg --> homepage.eircom.net /public_html/assets mal.jpg
2004.07.02 15:05 B C:\Documents and Settings\gbrady\Desktop\reynardine\html\assets\redep.jpg --> homepage.eircom.net /public_html/assets redep.jpg
2004.07.02 15:05 B C:\Documents and Settings\gbrady\Desktop\reynardine\html\assets\reyhotel.jpg --> homepage.eircom.net /public_html/assets reyhotel.jpg
2004.07.02 15:06 B C:\Documents and Settings\gbrady\Desktop\reynardine\html\assets\reymini.swf --> homepage.eircom.net /public_html/assets reymini.swf
2004.07.02 15:06 B C:\Documents and Settings\gbrady\Desktop\reynardine\html\assets\REYNARD_TITLE.gif --> homepage.eircom.net /public_html/assets REYNARD_TITLE.gif
2004.07.02 15:06 B C:\Documents and Settings\gbrady\Desktop\reynardine\html\assets\scroll_down.jpg --> homepage.eircom.net /public_html/assets scroll_down.jpg
2004.07.02 15:06 B C:\Documents and Settings\gbrady\Desktop\reynardine\html\assets\spacer_20.gif --> homepage.eircom.net /public_html/assets spacer_20.gif
2004.07.02 15:06 B C:\Documents and Settings\gbrady\Desktop\reynardine\html\assets\spacer_300.gif --> homepage.eircom.net /public_html/assets spacer_300.gif
2004.07.02 15:06 B C:\Documents and Settings\gbrady\Desktop\reynardine\html\assets\spacer_300h.gif --> homepage.eircom.net /public_html/assets spacer_300h.gif
2004.07.02 15:06 B C:\Documents and Settings\gbrady\Desktop\reynardine\html\assets\spacer_338.gif --> homepage.eircom.net /public_html/assets spacer_338.gif
2004.07.02 15:07 B C:\Documents and Settings\gbrady\Desktop\reynardine\html\assets\spacer_348.gif --> homepage.eircom.net /public_html/assets spacer_348.gif
2004.07.02 15:07 B C:\Documents and Settings\gbrady\Desktop\reynardine\html\assets\spacer_48.gif --> homepage.eircom.net /public_html/assets spacer_48.gif
2004.07.02 15:07 B C:\Documents and Settings\gbrady\Desktop\reynardine\html\assets\spacer_638.gif --> homepage.eircom.net /public_html/assets spacer_638.gif
2004.07.02 15:13 B C:\Documents and Settings\gbrady\Desktop\reynardine\html\assets\tarchive.html --> homepage.eircom.net /public_html/assets tarchive.html
2004.07.02 15:13 B C:\Documents and Settings\gbrady\Desktop\reynardine\html\assets\thumbnail.jpg --> homepage.eircom.net /public_html/assets thumbnail.jpg
2004.07.02 15:15 B C:\Documents and Settings\gbrady\Desktop\reynardine\html\assets\Thumbs.db --> homepage.eircom.net /public_html/assets Thumbs.db
2004.07.02 15:16 B C:\Documents and Settings\gbrady\Desktop\reynardine\html\assets\TMPbh29t4dr6.htm --> homepage.eircom.net /public_html/assets TMPbh29t4dr6.htm
2004.07.02 15:16 B C:\Documents and Settings\gbrady\Desktop\reynardine\html\assets\logo.gif --> homepage.eircom.net /public_html/assets logo.gif
2004.07.02 15:17 B C:\Documents and Settings\gbrady\Desktop\reynardine\html\assets\cover.jpg --> homepage.eircom.net /public_html/assets cover.jpg
2004.07.02 15:18 B C:\Documents and Settings\gbrady\Desktop\reynardine\html\assets\intro.jpg --> homepage.eircom.net /public_html/assets intro.jpg
2004.07.02 15:18 B C:\Documents and Settings\gbrady\Desktop\reynardine\html\assets\kevin.jpg --> homepage.eircom.net /public_html/assets kevin.jpg
2004.07.04 10:58 B C:\Documents and Settings\gbrady\Desktop\reynardine\html\assets\WS_FTP.LOG --> homepage.eircom.net /public_html/assets WS_FTP.LOG
